<?xml version="1.0" encoding="UTF-8"?>
<!-- Generated by org.testng.reporters.JUnitXMLReporter -->
<testsuite ignored="0" hostname="LAPTOP-EK8HG6MQ" failures="1" tests="2" name="SeleniumPractise" time="22.061" errors="0" timestamp="2026-06-04T08:09:06 BST">
  <testcase classname="io.cucumber.testng.AbstractTestNGCucumberTests" name="runScenario" time="13.66"/>
  <testcase classname="io.cucumber.testng.AbstractTestNGCucumberTests" name="runScenario" time="7.494">
    <failure type="java.lang.AssertionError">
      <![CDATA[java.lang.AssertionError
at PageObjects.ProductCataloguePage.addProductToCart(ProductCataloguePage.java:59)
at EcommTest.SubmitOrderStepDefinitions.userAddsProductToTheCart(SubmitOrderStepDefinitions.java:43)
at ✽.User adds product "ADIDAS SHOES" to the cart(file:///E:/Road%20to%20SDET%20-%20Materials/Selenium/SeleniumPractise/src/main/java/CucumberBDD/SubmitOrder.feature:9)
]]>
    </failure>
  </testcase> <!-- runScenario -->
</testsuite> <!-- SeleniumPractise -->
