<?xml version="1.0" encoding="UTF-8"?>
<!-- Generated by org.testng.reporters.JUnitXMLReporter -->
<testsuite ignored="3" hostname="LAPTOP-EK8HG6MQ" failures="0" tests="4" name="SeleniumPractise" time="0.208" errors="0" timestamp="2026-06-08T14:01:31 BST">
  <testcase classname="DataDrivenFromExcel" name="animalSoundTest" time="0.025"/>
  <testcase classname="DataDrivenFromExcel" name="animalSoundTest" time="0.001"/>
  <testcase classname="DataDrivenFromExcel" name="animalSoundTest" time="0.004"/>
  <testcase classname="DataDrivenFromExcel" name="animalSoundTest" time="0.001"/>
  <testcase classname="DataDrivenFromExcel" name="getDiagonalCellValues" time="0.0">
    <ignored/>
  </testcase> <!-- getDiagonalCellValues -->
  <testcase classname="DataDrivenFromExcel" name="getRowData" time="0.0">
    <ignored/>
  </testcase> <!-- getRowData -->
  <testcase classname="DataDrivenFromExcel" name="getColumnValues" time="0.0">
    <ignored/>
  </testcase> <!-- getColumnValues -->
</testsuite> <!-- SeleniumPractise -->
