<?xml version="1.0" encoding="UTF-8"?>
<!-- Generated by org.testng.reporters.JUnitXMLReporter -->
<testsuite ignored="0" hostname="LAPTOP-EK8HG6MQ" failures="0" tests="2" name="Negative testcases" time="18.501" errors="0" timestamp="2026-05-27T15:31:03 BST">
  <testcase classname="EcommTest.ErrorValidations" name="loginErrorValidations" time="0.886"/>
  <testcase classname="EcommTest.ErrorValidations" name="searchAddedProductErrorValidation" time="8.599"/>
</testsuite> <!-- Negative testcases -->
