<?xml version="1.0" encoding="UTF-8"?>
<!-- Generated by org.testng.reporters.JUnitXMLReporter -->
<testsuite ignored="1" hostname="LAPTOP-EK8HG6MQ" failures="0" tests="2" name="Smoke test" time="0.075" errors="0" timestamp="2026-05-20T07:20:54 BST">
  <testcase classname="TestNGFramework" name="Example" time="0.009"/>
  <testcase classname="TestNGFramework" name="demoMethods" time="0.001"/>
  <testcase classname="TestNGFramework" name="ExampleV2" time="0.0">
    <ignored/>
  </testcase> <!-- ExampleV2 -->
</testsuite> <!-- Smoke test -->
