<?xml version="1.0" encoding="UTF-8"?>
<!-- Generated by org.testng.reporters.JUnitXMLReporter -->
<testsuite ignored="0" hostname="LAPTOP-EK8HG6MQ" failures="2" tests="2" name="Test Jenkins" time="0.382" errors="0" timestamp="2026-06-03T05:53:31 BST">
  <testcase classname="EcommTest.ErrorValidations" name="loginErrorValidations" time="0.011">
    <failure type="java.lang.NullPointerException" message="Cannot invoke &amp;quot;PageObjects.LoginPage.loginErrorVerify(String, String)&amp;quot; because &amp;quot;this.login&amp;quot; is null">
      <![CDATA[java.lang.NullPointerException: Cannot invoke "PageObjects.LoginPage.loginErrorVerify(String, String)" because "this.login" is null
at EcommTest.ErrorValidations.loginErrorValidations(ErrorValidations.java:17)
at java.base/java.util.concurrent.Executors$RunnableAdapter.call(Executors.java:577)
at java.base/java.util.concurrent.FutureTask.run$$$capture(FutureTask.java:317)
at java.base/java.util.concurrent.FutureTask.run(FutureTask.java)
at --- Async.Stack.Trace --- (captured by IntelliJ IDEA debugger)
at java.base/java.util.concurrent.FutureTask.<init>(FutureTask.java:151)
at com.intellij.rt.testng.IDEARemoteTestNG.run(IDEARemoteTestNG.java:65)
at com.intellij.rt.testng.RemoteTestNGStarter.main(RemoteTestNGStarter.java:105)
... Removed 26 stack frames]]>
    </failure>
  </testcase> <!-- loginErrorValidations -->
  <testcase classname="EcommTest.ErrorValidations" name="searchAddedProductErrorValidation" time="0.001">
    <failure type="java.lang.NullPointerException" message="Cannot invoke &amp;quot;PageObjects.LoginPage.loginIntoPage(String, String)&amp;quot; because &amp;quot;this.login&amp;quot; is null">
      <![CDATA[java.lang.NullPointerException: Cannot invoke "PageObjects.LoginPage.loginIntoPage(String, String)" because "this.login" is null
at EcommTest.ErrorValidations.searchAddedProductErrorValidation(ErrorValidations.java:26)
at java.base/java.util.concurrent.Executors$RunnableAdapter.call(Executors.java:577)
at java.base/java.util.concurrent.FutureTask.run$$$capture(FutureTask.java:317)
at java.base/java.util.concurrent.FutureTask.run(FutureTask.java)
at --- Async.Stack.Trace --- (captured by IntelliJ IDEA debugger)
at java.base/java.util.concurrent.FutureTask.<init>(FutureTask.java:151)
at com.intellij.rt.testng.IDEARemoteTestNG.run(IDEARemoteTestNG.java:65)
at com.intellij.rt.testng.RemoteTestNGStarter.main(RemoteTestNGStarter.java:105)
... Removed 26 stack frames]]>
    </failure>
  </testcase> <!-- searchAddedProductErrorValidation -->
</testsuite> <!-- Test Jenkins -->
