<?xml version="1.0" encoding="UTF-8"?>
<!-- Generated by org.testng.reporters.JUnitXMLReporter -->
<testsuite ignored="0" hostname="LAPTOP-EK8HG6MQ" failures="0" tests="2" name="Test Negative Cases" time="22.589" errors="0" timestamp="2026-06-04T07:26:49 BST">
  <testcase classname="EcommTest.ErrorValidations" name="loginErrorValidations" time="0.867"/>
  <testcase classname="EcommTest.ErrorValidations" name="searchAddedProductErrorValidation" time="5.981"/>
</testsuite> <!-- Test Negative Cases -->
