<?xml version="1.0" encoding="UTF-8"?>
<testng-results ignored="0" total="2" passed="1" failed="1" skipped="0">
  <reporter-output>
  </reporter-output>
  <suite started-at="2026-06-04T08:08:44 BST" name="Default Suite" finished-at="2026-06-04T08:09:06 BST" duration-ms="22061">
    <groups>
      <group name="cucumber">
        <method signature="AbstractTestNGCucumberTests.runScenario(io.cucumber.testng.PickleWrapper,io.cucumber.testng.FeatureWrapper)[pri:0, instance:EcommTest.CucumberTestNGRunner@7d20d0b]" name="runScenario" class="io.cucumber.testng.AbstractTestNGCucumberTests"/>
      </group> <!-- cucumber -->
    </groups>
    <test started-at="2026-06-04T08:08:44 BST" name="SeleniumPractise" finished-at="2026-06-04T08:09:06 BST" duration-ms="22061">
      <class name="EcommTest.CucumberTestNGRunner">
        <test-method is-config="true" signature="setUpClass(org.testng.ITestContext)[pri:0, instance:EcommTest.CucumberTestNGRunner@7d20d0b]" started-at="2026-06-04T08:08:44 BST" name="setUpClass" finished-at="2026-06-04T08:08:45 BST" duration-ms="763" status="PASS">
          <params>
            <param index="0">
              <value>
                <![CDATA[org.testng.TestRunner@4c5228e7]]>
              </value>
            </param>
          </params>
          <reporter-output>
          </reporter-output>
        </test-method> <!-- setUpClass -->
        <test-method signature="runScenario(io.cucumber.testng.PickleWrapper,io.cucumber.testng.FeatureWrapper)[pri:0, instance:EcommTest.CucumberTestNGRunner@7d20d0b]" started-at="2026-06-04T08:08:45 BST" name="runScenario" description="Runs Cucumber Scenarios" data-provider="scenarios" finished-at="2026-06-04T08:08:59 BST" duration-ms="13660" status="PASS">
          <params>
            <param index="0">
              <value>
                <![CDATA["User places an order successfully"]]>
              </value>
            </param>
            <param index="1">
              <value>
                <![CDATA["Place an order"]]>
              </value>
            </param>
          </params>
          <reporter-output>
          </reporter-output>
        </test-method> <!-- runScenario -->
        <test-method signature="runScenario(io.cucumber.testng.PickleWrapper,io.cucumber.testng.FeatureWrapper)[pri:0, instance:EcommTest.CucumberTestNGRunner@7d20d0b]" started-at="2026-06-04T08:08:59 BST" name="runScenario" description="Runs Cucumber Scenarios" data-provider="scenarios" finished-at="2026-06-04T08:09:06 BST" duration-ms="7494" status="FAIL">
          <params>
            <param index="0">
              <value>
                <![CDATA["User places an order successfully"]]>
              </value>
            </param>
            <param index="1">
              <value>
                <![CDATA["Place an order"]]>
              </value>
            </param>
          </params>
          <exception class="java.lang.AssertionError">
            <full-stacktrace>
              <![CDATA[java.lang.AssertionError
at PageObjects.ProductCataloguePage.addProductToCart(ProductCataloguePage.java:59)
at EcommTest.SubmitOrderStepDefinitions.userAddsProductToTheCart(SubmitOrderStepDefinitions.java:43)
at ✽.User adds product "ADIDAS SHOES" to the cart(file:///E:/Road%20to%20SDET%20-%20Materials/Selenium/SeleniumPractise/src/main/java/CucumberBDD/SubmitOrder.feature:9)
]]>
            </full-stacktrace>
          </exception> <!-- java.lang.AssertionError -->
          <reporter-output>
          </reporter-output>
        </test-method> <!-- runScenario -->
        <test-method is-config="true" signature="tearDownClass()[pri:0, instance:EcommTest.CucumberTestNGRunner@7d20d0b]" started-at="2026-06-04T08:09:06 BST" name="tearDownClass" finished-at="2026-06-04T08:09:06 BST" duration-ms="92" status="PASS">
          <reporter-output>
          </reporter-output>
        </test-method> <!-- tearDownClass -->
      </class> <!-- EcommTest.CucumberTestNGRunner -->
    </test> <!-- SeleniumPractise -->
  </suite> <!-- Default Suite -->
</testng-results>
