<?xml version="1.0" encoding="UTF-8"?>
<testng-results ignored="3" total="7" passed="4" failed="0" skipped="0">
  <reporter-output>
  </reporter-output>
  <suite started-at="2026-06-08T14:01:30 BST" name="Default Suite" finished-at="2026-06-08T14:01:31 BST" duration-ms="208">
    <groups>
    </groups>
    <test started-at="2026-06-08T14:01:30 BST" name="SeleniumPractise" finished-at="2026-06-08T14:01:31 BST" duration-ms="208">
      <class name="DataDrivenFromExcel">
        <test-method signature="animalSoundTest(java.lang.String,java.lang.String)[pri:0, instance:DataDrivenFromExcel@482d776b]" started-at="2026-06-08T14:01:31 BST" name="animalSoundTest" data-provider="getData" finished-at="2026-06-08T14:01:31 BST" duration-ms="25" status="PASS">
          <params>
            <param index="0">
              <value>
                <![CDATA[Lion]]>
              </value>
            </param>
            <param index="1">
              <value>
                <![CDATA[Roar]]>
              </value>
            </param>
          </params>
          <reporter-output>
          </reporter-output>
        </test-method> <!-- animalSoundTest -->
        <test-method signature="animalSoundTest(java.lang.String,java.lang.String)[pri:0, instance:DataDrivenFromExcel@482d776b]" started-at="2026-06-08T14:01:31 BST" name="animalSoundTest" data-provider="getData" finished-at="2026-06-08T14:01:31 BST" duration-ms="1" status="PASS">
          <params>
            <param index="0">
              <value>
                <![CDATA[Dog]]>
              </value>
            </param>
            <param index="1">
              <value>
                <![CDATA[Barks]]>
              </value>
            </param>
          </params>
          <reporter-output>
          </reporter-output>
        </test-method> <!-- animalSoundTest -->
        <test-method signature="animalSoundTest(java.lang.String,java.lang.String)[pri:0, instance:DataDrivenFromExcel@482d776b]" started-at="2026-06-08T14:01:31 BST" name="animalSoundTest" data-provider="getData" finished-at="2026-06-08T14:01:31 BST" duration-ms="4" status="PASS">
          <params>
            <param index="0">
              <value>
                <![CDATA[Cat]]>
              </value>
            </param>
            <param index="1">
              <value>
                <![CDATA[meows]]>
              </value>
            </param>
          </params>
          <reporter-output>
          </reporter-output>
        </test-method> <!-- animalSoundTest -->
        <test-method signature="animalSoundTest(java.lang.String,java.lang.String)[pri:0, instance:DataDrivenFromExcel@482d776b]" started-at="2026-06-08T14:01:31 BST" name="animalSoundTest" data-provider="getData" finished-at="2026-06-08T14:01:31 BST" duration-ms="1" status="PASS">
          <params>
            <param index="0">
              <value>
                <![CDATA[Cow]]>
              </value>
            </param>
            <param index="1">
              <value>
                <![CDATA[Moo]]>
              </value>
            </param>
          </params>
          <reporter-output>
          </reporter-output>
        </test-method> <!-- animalSoundTest -->
      </class> <!-- DataDrivenFromExcel -->
    </test> <!-- SeleniumPractise -->
  </suite> <!-- Default Suite -->
</testng-results>
