<?xml version="1.0" encoding="UTF-8"?>
<!-- Generated by org.testng.reporters.JUnitReportReporter -->
<testsuite hostname="LAPTOP-EK8HG6MQ" failures="0" tests="4" name="DataDrivenFromExcel" time="0.031" errors="0" timestamp="2026-06-08T14:01:31 BST" skipped="0">
  <testcase classname="DataDrivenFromExcel" name="animalSoundTest" time="0.025"/>
  <testcase classname="DataDrivenFromExcel" name="animalSoundTest" time="0.004"/>
  <testcase classname="DataDrivenFromExcel" name="animalSoundTest" time="0.001"/>
  <testcase classname="DataDrivenFromExcel" name="animalSoundTest" time="0.001"/>
</testsuite> <!-- DataDrivenFromExcel -->
