<?xml version="1.0" encoding="UTF-8"?>
<!-- Generated by org.testng.reporters.JUnitReportReporter -->
<testsuite hostname="LAPTOP-EK8HG6MQ" failures="0" tests="2" name="AmazonWebsiteTest.LandinpageTest" time="25.870" errors="0" timestamp="2026-06-03T05:27:30 BST" skipped="0">
  <testcase classname="AmazonWebsiteTest.LandinpageTest" name="testHeaderNavigation" time="13.512"/>
  <testcase classname="AmazonWebsiteTest.LandinpageTest" name="testCartHeader" time="12.358"/>
</testsuite> <!-- AmazonWebsiteTest.LandinpageTest -->
