<?xml version="1.0" encoding="UTF-8"?>
<!-- Generated by org.testng.reporters.JUnitReportReporter -->
<testsuite hostname="LAPTOP-EK8HG6MQ" failures="0" tests="2" name="EcommTest.SubmitOrderTestBDD" time="30.784" errors="0" timestamp="2026-06-03T10:49:37 BST" skipped="0">
  <testcase classname="EcommTest.SubmitOrderTestBDD" name="submitOrder" time="18.042"/>
  <testcase classname="EcommTest.SubmitOrderTestBDD" name="submitOrder" time="12.742"/>
</testsuite> <!-- EcommTest.SubmitOrderTestBDD -->
