<?xml version="1.0" encoding="UTF-8"?>
<!-- Generated by org.testng.reporters.JUnitReportReporter -->
<testsuite hostname="LAPTOP-EK8HG6MQ" failures="1" tests="2" name="EcommTest.CucumberTestNGRunner" time="21.154" errors="0" timestamp="2026-06-04T08:09:06 BST" skipped="0">
  <testcase classname="EcommTest.CucumberTestNGRunner" name="runScenario" time="13.660"/>
  <testcase classname="EcommTest.CucumberTestNGRunner" name="runScenario" time="7.494">
    <failure type="java.lang.AssertionError">
      <![CDATA[java.lang.AssertionError
at PageObjects.ProductCataloguePage.addProductToCart(ProductCataloguePage.java:59)
at EcommTest.SubmitOrderStepDefinitions.userAddsProductToTheCart(SubmitOrderStepDefinitions.java:43)
at ✽.User adds product "ADIDAS SHOES" to the cart(file:///E:/Road%20to%20SDET%20-%20Materials/Selenium/SeleniumPractise/src/main/java/CucumberBDD/SubmitOrder.feature:9)
]]>
    </failure>
  </testcase> <!-- runScenario -->
</testsuite> <!-- EcommTest.CucumberTestNGRunner -->
