<?xml version="1.0" encoding="UTF-8"?>
<!-- Generated by org.testng.reporters.JUnitReportReporter -->
<testsuite hostname="LAPTOP-EK8HG6MQ" failures="0" tests="2" name="EcommTest.ErrorValidations" time="22.241" errors="0" timestamp="2026-06-04T07:27:39 BST" skipped="0">
  <testcase classname="EcommTest.ErrorValidations" name="loginErrorValidations" time="11.050"/>
  <testcase classname="EcommTest.ErrorValidations" name="searchAddedProductErrorValidation" time="11.191"/>
</testsuite> <!-- EcommTest.ErrorValidations -->
